#
# There is insufficient memory for the Java Runtime Environment to continue.
# Native memory allocation (malloc) failed to allocate 1250576 bytes. Error detail: Chunk::new
# Possible reasons:
#   The system is out of physical RAM or swap space
#   This process is running with CompressedOops enabled, and the Java Heap may be blocking the growth of the native heap
# Possible solutions:
#   Reduce memory load on the system
#   Increase physical memory or swap space
#   Check if swap backing store is full
#   Decrease Java heap size (-Xmx/-Xms)
#   Decrease number of Java threads
#   Decrease Java thread stack sizes (-Xss)
#   Set larger code cache with -XX:ReservedCodeCacheSize=
#   JVM is running with Unscaled Compressed Oops mode in which the Java heap is
#     placed in the first 4GB address space. The Java Heap base address is the
#     maximum limit for the native heap growth. Please use -XX:HeapBaseMinAddress
#     to set the Java Heap base and to place the Java Heap above 4GB virtual address.
# This output file may be truncated or incomplete.
#
#  Out of Memory Error (arena.cpp:191), pid=12108, tid=6612
#
# JRE version: OpenJDK Runtime Environment (17.0.11) (build 17.0.11+0--11852314)
# Java VM: OpenJDK 64-Bit Server VM (17.0.11+0--11852314, mixed mode, tiered, compressed oops, compressed class ptrs, g1 gc, windows-amd64)
# No core dump will be written. Minidumps are not enabled by default on client versions of Windows
#

---------------  S U M M A R Y ------------

Command Line: --add-opens=java.base/java.util=ALL-UNNAMED --add-opens=java.base/java.lang=ALL-UNNAMED --add-opens=java.base/java.lang.invoke=ALL-UNNAMED --add-opens=java.prefs/java.util.prefs=ALL-UNNAMED --add-opens=java.base/java.nio.charset=ALL-UNNAMED --add-opens=java.base/java.net=ALL-UNNAMED --add-opens=java.base/java.util.concurrent.atomic=ALL-UNNAMED -Xmx2048m -Dfile.encoding=UTF-8 -Duser.country=CA -Duser.language=fr -Duser.variant -javaagent:C:\Users\vekos\.gradle\wrapper\dists\gradle-8.7-bin\bhs2wmbdwecv87pi65oeuq5iu\gradle-8.7\lib\agents\gradle-instrumentation-agent-8.7.jar org.gradle.launcher.daemon.bootstrap.GradleDaemon 8.7

Host: 12th Gen Intel(R) Core(TM) i7-1255U, 12 cores, 15G,  Windows 11 , 64 bit Build 22621 (10.0.22621.4391)
Time: Wed Nov 13 19:31:55 2024 Est elapsed time: 4.653329 seconds (0d 0h 0m 4s)

---------------  T H R E A D  ---------------

Current thread (0x000001c47034f3b0):  JavaThread "C2 CompilerThread0" daemon [_thread_in_native, id=6612, stack(0x000000c173900000,0x000000c173a00000)]


Current CompileTask:
C2:   4653 2770   !   4       java.net.URL::<init> (543 bytes)

Stack: [0x000000c173900000,0x000000c173a00000]
Native frames: (J=compiled Java code, j=interpreted, Vv=VM code, C=native code)
V  [jvm.dll+0x687bb9]
V  [jvm.dll+0x84142a]
V  [jvm.dll+0x8430ae]
V  [jvm.dll+0x843713]
V  [jvm.dll+0x24a35f]
V  [jvm.dll+0xac544]
V  [jvm.dll+0xacb8c]
V  [jvm.dll+0x369be2]
V  [jvm.dll+0x33416a]
V  [jvm.dll+0x33360a]
V  [jvm.dll+0x21bed1]
V  [jvm.dll+0x21b311]
V  [jvm.dll+0x1a63ed]
V  [jvm.dll+0x22b1ee]
V  [jvm.dll+0x229375]
V  [jvm.dll+0x7f5647]
V  [jvm.dll+0x7efa4a]
V  [jvm.dll+0x686a35]
C  [ucrtbase.dll+0x29333]
C  [KERNEL32.DLL+0x1259d]
C  [ntdll.dll+0x5af38]


---------------  P R O C E S S  ---------------

Threads class SMR info:
_java_thread_list=0x000001c477d4ccb0, length=32, elements={
0x000001c455ea2d00, 0x000001c4703008d0, 0x000001c470301750, 0x000001c47034a6b0,
0x000001c47034b080, 0x000001c47034bc40, 0x000001c47034e610, 0x000001c47034f3b0,
0x000001c470350470, 0x000001c4703536a0, 0x000001c4704e29e0, 0x000001c4705be580,
0x000001c476d45020, 0x000001c4708cd630, 0x000001c475cb0060, 0x000001c475f2e8a0,
0x000001c4764f4840, 0x000001c47664d740, 0x000001c47664c300, 0x000001c47664a9b0,
0x000001c47664b3d0, 0x000001c476649f90, 0x000001c47664a4a0, 0x000001c47664aec0,
0x000001c47664bdf0, 0x000001c47664d230, 0x000001c477675fe0, 0x000001c47767c520,
0x000001c47767c010, 0x000001c47767ca30, 0x000001c47767a6c0, 0x000001c47767cf40
}

Java Threads: ( => current thread )
  0x000001c455ea2d00 JavaThread "main" [_thread_blocked, id=4628, stack(0x000000c172c00000,0x000000c172d00000)]
  0x000001c4703008d0 JavaThread "Reference Handler" daemon [_thread_blocked, id=12052, stack(0x000000c173300000,0x000000c173400000)]
  0x000001c470301750 JavaThread "Finalizer" daemon [_thread_blocked, id=4284, stack(0x000000c173400000,0x000000c173500000)]
  0x000001c47034a6b0 JavaThread "Signal Dispatcher" daemon [_thread_blocked, id=26612, stack(0x000000c173500000,0x000000c173600000)]
  0x000001c47034b080 JavaThread "Attach Listener" daemon [_thread_blocked, id=22964, stack(0x000000c173600000,0x000000c173700000)]
  0x000001c47034bc40 JavaThread "Service Thread" daemon [_thread_blocked, id=4792, stack(0x000000c173700000,0x000000c173800000)]
  0x000001c47034e610 JavaThread "Monitor Deflation Thread" daemon [_thread_blocked, id=24236, stack(0x000000c173800000,0x000000c173900000)]
=>0x000001c47034f3b0 JavaThread "C2 CompilerThread0" daemon [_thread_in_native, id=6612, stack(0x000000c173900000,0x000000c173a00000)]
  0x000001c470350470 JavaThread "C1 CompilerThread0" daemon [_thread_in_native, id=24232, stack(0x000000c173a00000,0x000000c173b00000)]
  0x000001c4703536a0 JavaThread "Sweeper thread" daemon [_thread_blocked, id=18640, stack(0x000000c173b00000,0x000000c173c00000)]
  0x000001c4704e29e0 JavaThread "Common-Cleaner" daemon [_thread_blocked, id=1120, stack(0x000000c173c00000,0x000000c173d00000)]
  0x000001c4705be580 JavaThread "Notification Thread" daemon [_thread_blocked, id=28192, stack(0x000000c173d00000,0x000000c173e00000)]
  0x000001c476d45020 JavaThread "Daemon health stats" [_thread_blocked, id=10964, stack(0x000000c174600000,0x000000c174700000)]
  0x000001c4708cd630 JavaThread "Incoming local TCP Connector on port 64712" [_thread_in_native, id=6804, stack(0x000000c173f00000,0x000000c174000000)]
  0x000001c475cb0060 JavaThread "Daemon periodic checks" [_thread_blocked, id=1780, stack(0x000000c174500000,0x000000c174600000)]
  0x000001c475f2e8a0 JavaThread "Daemon" [_thread_blocked, id=27924, stack(0x000000c174700000,0x000000c174800000)]
  0x000001c4764f4840 JavaThread "Handler for socket connection from /127.0.0.1:64712 to /127.0.0.1:64713" [_thread_in_native, id=23020, stack(0x000000c174800000,0x000000c174900000)]
  0x000001c47664d740 JavaThread "Cancel handler" [_thread_blocked, id=26696, stack(0x000000c174900000,0x000000c174a00000)]
  0x000001c47664c300 JavaThread "Daemon worker" [_thread_in_Java, id=12564, stack(0x000000c174a00000,0x000000c174b00000)]
  0x000001c47664a9b0 JavaThread "Asynchronous log dispatcher for DefaultDaemonConnection: socket connection from /127.0.0.1:64712 to /127.0.0.1:64713" [_thread_blocked, id=27488, stack(0x000000c174b00000,0x000000c174c00000)]
  0x000001c47664b3d0 JavaThread "Stdin handler" [_thread_blocked, id=11584, stack(0x000000c174c00000,0x000000c174d00000)]
  0x000001c476649f90 JavaThread "Daemon client event forwarder" [_thread_blocked, id=19900, stack(0x000000c174d00000,0x000000c174e00000)]
  0x000001c47664a4a0 JavaThread "Cache worker for journal cache (C:\Users\vekos\.gradle\caches\journal-1)" [_thread_blocked, id=26084, stack(0x000000c175400000,0x000000c175500000)]
  0x000001c47664aec0 JavaThread "File lock request listener" [_thread_in_native, id=27832, stack(0x000000c175500000,0x000000c175600000)]
  0x000001c47664bdf0 JavaThread "Cache worker for file hash cache (C:\Users\vekos\.gradle\caches\8.7\fileHashes)" [_thread_blocked, id=12180, stack(0x000000c175600000,0x000000c175700000)]
  0x000001c47664d230 JavaThread "Cache worker for file hash cache (D:\YEAR2\SEG2505\TUTORIEL\Tutoriel3\.gradle\8.7\fileHashes)" [_thread_blocked, id=23372, stack(0x000000c175700000,0x000000c175800000)]
  0x000001c477675fe0 JavaThread "File watcher server" daemon [_thread_in_native, id=16836, stack(0x000000c175800000,0x000000c175900000)]
  0x000001c47767c520 JavaThread "File watcher consumer" daemon [_thread_blocked, id=27384, stack(0x000000c175900000,0x000000c175a00000)]
  0x000001c47767c010 JavaThread "Cache worker for checksums cache (D:\YEAR2\SEG2505\TUTORIEL\Tutoriel3\.gradle\8.7\checksums)" [_thread_blocked, id=25876, stack(0x000000c175a00000,0x000000c175b00000)]
  0x000001c47767ca30 JavaThread "Cache worker for cache directory md-supplier (C:\Users\vekos\.gradle\caches\8.7\md-supplier)" [_thread_blocked, id=26540, stack(0x000000c175b00000,0x000000c175c00000)]
  0x000001c47767a6c0 JavaThread "Cache worker for cache directory md-rule (C:\Users\vekos\.gradle\caches\8.7\md-rule)" [_thread_blocked, id=3348, stack(0x000000c175c00000,0x000000c175d00000)]
  0x000001c47767cf40 JavaThread "Cache worker for file content cache (C:\Users\vekos\.gradle\caches\8.7\fileContent)" [_thread_blocked, id=21884, stack(0x000000c175d00000,0x000000c175e00000)]

Other Threads:
  0x000001c47017e9f0 VMThread "VM Thread" [stack: 0x000000c173200000,0x000000c173300000] [id=6748]
  0x000001c470635e20 WatcherThread [stack: 0x000000c173e00000,0x000000c173f00000] [id=17152]
  0x000001c453c8e870 GCTaskThread "GC Thread#0" [stack: 0x000000c172d00000,0x000000c172e00000] [id=2308]
  0x000001c475998410 GCTaskThread "GC Thread#1" [stack: 0x000000c174000000,0x000000c174100000] [id=27144]
  0x000001c475218390 GCTaskThread "GC Thread#2" [stack: 0x000000c174100000,0x000000c174200000] [id=27908]
  0x000001c475218650 GCTaskThread "GC Thread#3" [stack: 0x000000c174200000,0x000000c174300000] [id=23340]
  0x000001c475b96220 GCTaskThread "GC Thread#4" [stack: 0x000000c174300000,0x000000c174400000] [id=26596]
  0x000001c475b964e0 GCTaskThread "GC Thread#5" [stack: 0x000000c174400000,0x000000c174500000] [id=27844]
  0x000001c475a06170 GCTaskThread "GC Thread#6" [stack: 0x000000c174e00000,0x000000c174f00000] [id=19788]
  0x000001c47659d610 GCTaskThread "GC Thread#7" [stack: 0x000000c174f00000,0x000000c175000000] [id=20052]
  0x000001c475638d70 GCTaskThread "GC Thread#8" [stack: 0x000000c175000000,0x000000c175100000] [id=12408]
  0x000001c47670f450 GCTaskThread "GC Thread#9" [stack: 0x000000c175100000,0x000000c175200000] [id=27200]
  0x000001c455f09f10 ConcurrentGCThread "G1 Main Marker" [stack: 0x000000c172e00000,0x000000c172f00000] [id=27728]
  0x000001c455f0a840 ConcurrentGCThread "G1 Conc#0" [stack: 0x000000c172f00000,0x000000c173000000] [id=13620]
  0x000001c47670f710 ConcurrentGCThread "G1 Conc#1" [stack: 0x000000c175200000,0x000000c175300000] [id=15464]
  0x000001c476e793d0 ConcurrentGCThread "G1 Conc#2" [stack: 0x000000c175300000,0x000000c175400000] [id=9296]
  0x000001c455f4e050 ConcurrentGCThread "G1 Refine#0" [stack: 0x000000c173000000,0x000000c173100000] [id=28028]
  0x000001c455f4ea80 ConcurrentGCThread "G1 Service" [stack: 0x000000c173100000,0x000000c173200000] [id=1932]

Threads with active compile tasks:
C2 CompilerThread0     4677 2770   !   4       java.net.URL::<init> (543 bytes)

VM state: not at safepoint (normal execution)

VM Mutex/Monitor currently owned by a thread:  ([mutex/lock_event])
[0x000001c455e9e680] SystemDictionary_lock - owner thread: 0x000001c47664c300

Heap address: 0x0000000080000000, size: 2048 MB, Compressed Oops mode: 32-bit

CDS archive(s) not mapped
Compressed class space mapped at: 0x0000000100000000-0x0000000140000000, reserved size: 1073741824
Narrow klass base: 0x0000000000000000, Narrow klass shift: 3, Narrow klass range: 0x140000000

GC Precious Log:
 CPUs: 12 total, 12 available
 Memory: 16068M
 Large Page Support: Disabled
 NUMA Support: Disabled
 Compressed Oops: Enabled (32-bit)
 Heap Region Size: 1M
 Heap Min Capacity: 8M
 Heap Initial Capacity: 252M
 Heap Max Capacity: 2G
 Pre-touch: Disabled
 Parallel Workers: 10
 Concurrent Workers: 3
 Concurrent Refinement Workers: 10
 Periodic GC: Disabled

Heap:
 garbage-first heap   total 71680K, used 46875K [0x0000000080000000, 0x0000000100000000)
  region size 1024K, 28 young (28672K), 2 survivors (2048K)
 Metaspace       used 33550K, committed 33856K, reserved 1114112K
  class space    used 4594K, committed 4736K, reserved 1048576K

Heap Regions: E=young(eden), S=young(survivor), O=old, HS=humongous(starts), HC=humongous(continues), CS=collection set, F=free, OA=open archive, CA=closed archive, TAMS=top-at-mark-start (previous, next)
|   0|0x0000000080000000, 0x0000000080100000, 0x0000000080100000|100%|HS|  |TAMS 0x0000000080100000, 0x0000000080000000| Complete 
|   1|0x0000000080100000, 0x0000000080200000, 0x0000000080200000|100%|HC|  |TAMS 0x0000000080200000, 0x0000000080100000| Complete 
|   2|0x0000000080200000, 0x0000000080300000, 0x0000000080300000|100%|HC|  |TAMS 0x0000000080300000, 0x0000000080200000| Complete 
|   3|0x0000000080300000, 0x0000000080400000, 0x0000000080400000|100%|HC|  |TAMS 0x0000000080400000, 0x0000000080300000| Complete 
|   4|0x0000000080400000, 0x0000000080500000, 0x0000000080500000|100%| O|  |TAMS 0x0000000080500000, 0x0000000080400000| Untracked 
|   5|0x0000000080500000, 0x0000000080600000, 0x0000000080600000|100%| O|  |TAMS 0x0000000080600000, 0x0000000080500000| Untracked 
|   6|0x0000000080600000, 0x0000000080700000, 0x0000000080700000|100%| O|  |TAMS 0x0000000080700000, 0x0000000080600000| Untracked 
|   7|0x0000000080700000, 0x0000000080800000, 0x0000000080800000|100%| O|  |TAMS 0x0000000080800000, 0x0000000080700000| Untracked 
|   8|0x0000000080800000, 0x0000000080900000, 0x0000000080900000|100%| O|  |TAMS 0x0000000080900000, 0x0000000080800000| Untracked 
|   9|0x0000000080900000, 0x0000000080a00000, 0x0000000080a00000|100%| O|  |TAMS 0x0000000080a00000, 0x0000000080900000| Untracked 
|  10|0x0000000080a00000, 0x0000000080a00000, 0x0000000080b00000|  0%| F|  |TAMS 0x0000000080a00000, 0x0000000080a00000| Untracked 
|  11|0x0000000080b00000, 0x0000000080c00000, 0x0000000080c00000|100%| O|  |TAMS 0x0000000080b00000, 0x0000000080b00000| Untracked 
|  12|0x0000000080c00000, 0x0000000080d00000, 0x0000000080d00000|100%| O|  |TAMS 0x0000000080c00000, 0x0000000080c00000| Untracked 
|  13|0x0000000080d00000, 0x0000000080e00000, 0x0000000080e00000|100%| O|  |TAMS 0x0000000080d00000, 0x0000000080d00000| Untracked 
|  14|0x0000000080e00000, 0x0000000080f00000, 0x0000000080f00000|100%| O|  |TAMS 0x0000000080e00000, 0x0000000080e00000| Untracked 
|  15|0x0000000080f00000, 0x0000000081000000, 0x0000000081000000|100%| O|  |TAMS 0x0000000080f00000, 0x0000000080f00000| Untracked 
|  16|0x0000000081000000, 0x0000000081100000, 0x0000000081100000|100%| O|  |TAMS 0x0000000081000000, 0x0000000081000000| Untracked 
|  17|0x0000000081100000, 0x0000000081200000, 0x0000000081200000|100%| O|  |TAMS 0x0000000081100000, 0x0000000081100000| Untracked 
|  18|0x0000000081200000, 0x0000000081300000, 0x0000000081300000|100%| O|  |TAMS 0x0000000081200000, 0x0000000081200000| Untracked 
|  19|0x0000000081300000, 0x0000000081400000, 0x0000000081400000|100%| O|  |TAMS 0x0000000081300000, 0x0000000081300000| Untracked 
|  20|0x0000000081400000, 0x0000000081500000, 0x0000000081500000|100%| O|  |TAMS 0x0000000081400000, 0x0000000081400000| Untracked 
|  21|0x0000000081500000, 0x0000000081500000, 0x0000000081600000|  0%| F|  |TAMS 0x0000000081500000, 0x0000000081500000| Untracked 
|  22|0x0000000081600000, 0x0000000081600000, 0x0000000081700000|  0%| F|  |TAMS 0x0000000081600000, 0x0000000081600000| Untracked 
|  23|0x0000000081700000, 0x0000000081700000, 0x0000000081800000|  0%| F|  |TAMS 0x0000000081700000, 0x0000000081700000| Untracked 
|  24|0x0000000081800000, 0x0000000081800000, 0x0000000081900000|  0%| F|  |TAMS 0x0000000081800000, 0x0000000081800000| Untracked 
|  25|0x0000000081900000, 0x0000000081900000, 0x0000000081a00000|  0%| F|  |TAMS 0x0000000081900000, 0x0000000081900000| Untracked 
|  26|0x0000000081a00000, 0x0000000081a00000, 0x0000000081b00000|  0%| F|  |TAMS 0x0000000081a00000, 0x0000000081a00000| Untracked 
|  27|0x0000000081b00000, 0x0000000081b00000, 0x0000000081c00000|  0%| F|  |TAMS 0x0000000081b00000, 0x0000000081b00000| Untracked 
|  28|0x0000000081c00000, 0x0000000081c00000, 0x0000000081d00000|  0%| F|  |TAMS 0x0000000081c00000, 0x0000000081c00000| Untracked 
|  29|0x0000000081d00000, 0x0000000081d00000, 0x0000000081e00000|  0%| F|  |TAMS 0x0000000081d00000, 0x0000000081d00000| Untracked 
|  30|0x0000000081e00000, 0x0000000081e00000, 0x0000000081f00000|  0%| F|  |TAMS 0x0000000081e00000, 0x0000000081e00000| Untracked 
|  31|0x0000000081f00000, 0x0000000081f00000, 0x0000000082000000|  0%| F|  |TAMS 0x0000000081f00000, 0x0000000081f00000| Untracked 
|  32|0x0000000082000000, 0x0000000082000000, 0x0000000082100000|  0%| F|  |TAMS 0x0000000082000000, 0x0000000082000000| Untracked 
|  33|0x0000000082100000, 0x0000000082100000, 0x0000000082200000|  0%| F|  |TAMS 0x0000000082100000, 0x0000000082100000| Untracked 
|  34|0x0000000082200000, 0x0000000082200000, 0x0000000082300000|  0%| F|  |TAMS 0x0000000082200000, 0x0000000082200000| Untracked 
|  35|0x0000000082300000, 0x0000000082300000, 0x0000000082400000|  0%| F|  |TAMS 0x0000000082300000, 0x0000000082300000| Untracked 
|  36|0x0000000082400000, 0x0000000082400000, 0x0000000082500000|  0%| F|  |TAMS 0x0000000082400000, 0x0000000082400000| Untracked 
|  37|0x0000000082500000, 0x0000000082500000, 0x0000000082600000|  0%| F|  |TAMS 0x0000000082500000, 0x0000000082500000| Untracked 
|  38|0x0000000082600000, 0x00000000826c6e20, 0x0000000082700000| 77%| S|CS|TAMS 0x0000000082600000, 0x0000000082600000| Complete 
|  39|0x0000000082700000, 0x0000000082800000, 0x0000000082800000|100%| S|CS|TAMS 0x0000000082700000, 0x0000000082700000| Complete 
|  40|0x0000000082800000, 0x0000000082800000, 0x0000000082900000|  0%| F|  |TAMS 0x0000000082800000, 0x0000000082800000| Untracked 
|  41|0x0000000082900000, 0x0000000082900000, 0x0000000082a00000|  0%| F|  |TAMS 0x0000000082900000, 0x0000000082900000| Untracked 
|  42|0x0000000082a00000, 0x0000000082a00000, 0x0000000082b00000|  0%| F|  |TAMS 0x0000000082a00000, 0x0000000082a00000| Untracked 
|  43|0x0000000082b00000, 0x0000000082b00000, 0x0000000082c00000|  0%| F|  |TAMS 0x0000000082b00000, 0x0000000082b00000| Untracked 
|  44|0x0000000082c00000, 0x0000000082cf66e0, 0x0000000082d00000| 96%| E|  |TAMS 0x0000000082c00000, 0x0000000082c00000| Complete 
|  45|0x0000000082d00000, 0x0000000082e00000, 0x0000000082e00000|100%| E|CS|TAMS 0x0000000082d00000, 0x0000000082d00000| Complete 
|  46|0x0000000082e00000, 0x0000000082f00000, 0x0000000082f00000|100%| E|CS|TAMS 0x0000000082e00000, 0x0000000082e00000| Complete 
|  47|0x0000000082f00000, 0x0000000083000000, 0x0000000083000000|100%| E|CS|TAMS 0x0000000082f00000, 0x0000000082f00000| Complete 
|  48|0x0000000083000000, 0x0000000083100000, 0x0000000083100000|100%| E|CS|TAMS 0x0000000083000000, 0x0000000083000000| Complete 
|  49|0x0000000083100000, 0x0000000083200000, 0x0000000083200000|100%| E|CS|TAMS 0x0000000083100000, 0x0000000083100000| Complete 
|  50|0x0000000083200000, 0x0000000083300000, 0x0000000083300000|100%| E|CS|TAMS 0x0000000083200000, 0x0000000083200000| Complete 
|  51|0x0000000083300000, 0x0000000083400000, 0x0000000083400000|100%| E|CS|TAMS 0x0000000083300000, 0x0000000083300000| Complete 
|  52|0x0000000083400000, 0x0000000083500000, 0x0000000083500000|100%| E|CS|TAMS 0x0000000083400000, 0x0000000083400000| Complete 
|  53|0x0000000083500000, 0x0000000083600000, 0x0000000083600000|100%| E|CS|TAMS 0x0000000083500000, 0x0000000083500000| Complete 
|  54|0x0000000083600000, 0x0000000083700000, 0x0000000083700000|100%| E|CS|TAMS 0x0000000083600000, 0x0000000083600000| Complete 
|  55|0x0000000083700000, 0x0000000083800000, 0x0000000083800000|100%| E|CS|TAMS 0x0000000083700000, 0x0000000083700000| Complete 
|  56|0x0000000083800000, 0x0000000083900000, 0x0000000083900000|100%| E|CS|TAMS 0x0000000083800000, 0x0000000083800000| Complete 
|  57|0x0000000083900000, 0x0000000083a00000, 0x0000000083a00000|100%| E|CS|TAMS 0x0000000083900000, 0x0000000083900000| Complete 
|  58|0x0000000083a00000, 0x0000000083b00000, 0x0000000083b00000|100%| E|CS|TAMS 0x0000000083a00000, 0x0000000083a00000| Complete 
|  59|0x0000000083b00000, 0x0000000083c00000, 0x0000000083c00000|100%| E|CS|TAMS 0x0000000083b00000, 0x0000000083b00000| Complete 
| 192|0x000000008c000000, 0x000000008c100000, 0x000000008c100000|100%| E|CS|TAMS 0x000000008c000000, 0x000000008c000000| Complete 
| 193|0x000000008c100000, 0x000000008c200000, 0x000000008c200000|100%| E|CS|TAMS 0x000000008c100000, 0x000000008c100000| Complete 
| 194|0x000000008c200000, 0x000000008c300000, 0x000000008c300000|100%| E|CS|TAMS 0x000000008c200000, 0x000000008c200000| Complete 
| 195|0x000000008c300000, 0x000000008c400000, 0x000000008c400000|100%| E|CS|TAMS 0x000000008c300000, 0x000000008c300000| Complete 
| 196|0x000000008c400000, 0x000000008c500000, 0x000000008c500000|100%| E|CS|TAMS 0x000000008c400000, 0x000000008c400000| Complete 
| 197|0x000000008c500000, 0x000000008c600000, 0x000000008c600000|100%| E|CS|TAMS 0x000000008c500000, 0x000000008c500000| Complete 
| 198|0x000000008c600000, 0x000000008c700000, 0x000000008c700000|100%| E|  |TAMS 0x000000008c600000, 0x000000008c600000| Complete 
| 199|0x000000008c700000, 0x000000008c800000, 0x000000008c800000|100%| E|CS|TAMS 0x000000008c700000, 0x000000008c700000| Complete 
| 200|0x000000008c800000, 0x000000008c900000, 0x000000008c900000|100%| E|CS|TAMS 0x000000008c800000, 0x000000008c800000| Complete 
| 251|0x000000008fb00000, 0x000000008fc00000, 0x000000008fc00000|100%| E|CS|TAMS 0x000000008fb00000, 0x000000008fb00000| Complete 

Card table byte_map: [0x000001c468cd0000,0x000001c4690d0000] _byte_map_base: 0x000001c4688d0000

Marking Bits (Prev, Next): (CMBitMap*) 0x000001c455ef9620, (CMBitMap*) 0x000001c455ef95e0
 Prev Bits: [0x000001c46b4d0000, 0x000001c46d4d0000)
 Next Bits: [0x000001c4694d0000, 0x000001c46b4d0000)

Polling page: 0x000001c453e10000

Metaspace:

Usage:
  Non-class:     28.28 MB used.
      Class:      4.49 MB used.
       Both:     32.77 MB used.

Virtual space:
  Non-class space:       64.00 MB reserved,      28.44 MB ( 44%) committed,  1 nodes.
      Class space:        1.00 GB reserved,       4.62 MB ( <1%) committed,  1 nodes.
             Both:        1.06 GB reserved,      33.06 MB (  3%) committed. 

Chunk freelists:
   Non-Class:  3.59 MB
       Class:  11.22 MB
        Both:  14.81 MB

MaxMetaspaceSize: unlimited
CompressedClassSpaceSize: 1.00 GB
Initial GC threshold: 21.00 MB
Current GC threshold: 35.12 MB
CDS: off
MetaspaceReclaimPolicy: balanced
 - commit_granule_bytes: 65536.
 - commit_granule_words: 8192.
 - virtual_space_node_default_size: 8388608.
 - enlarge_chunks_in_place: 1.
 - new_chunks_are_fully_committed: 0.
 - uncommit_free_chunks: 1.
 - use_allocation_guard: 0.
 - handle_deallocations: 1.


Internal statistics:

num_allocs_failed_limit: 3.
num_arena_births: 268.
num_arena_deaths: 0.
num_vsnodes_births: 2.
num_vsnodes_deaths: 0.
num_space_committed: 529.
num_space_uncommitted: 0.
num_chunks_returned_to_freelist: 3.
num_chunks_taken_from_freelist: 1209.
num_chunk_merges: 3.
num_chunk_splits: 788.
num_chunks_enlarged: 560.
num_inconsistent_stats: 0.

CodeHeap 'non-profiled nmethods': size=120000Kb used=1502Kb max_used=1502Kb free=118497Kb
 bounds [0x000001c460e40000, 0x000001c4610b0000, 0x000001c468370000]
CodeHeap 'profiled nmethods': size=120000Kb used=6038Kb max_used=6038Kb free=113961Kb
 bounds [0x000001c459370000, 0x000001c459960000, 0x000001c4608a0000]
CodeHeap 'non-nmethods': size=5760Kb used=1233Kb max_used=1275Kb free=4526Kb
 bounds [0x000001c4608a0000, 0x000001c460b10000, 0x000001c460e40000]
 total_blobs=3393 nmethods=2848 adapters=457
 compilation: enabled
              stopped_count=0, restarted_count=0
 full_count=0

Compilation events (20 events):
Event: 4.626 Thread 0x000001c470350470 2816       3       java.util.stream.AbstractPipeline::evaluate (94 bytes)
Event: 4.627 Thread 0x000001c470350470 nmethod 2816 0x000001c459935d90 code [0x000001c459935fc0, 0x000001c459936648]
Event: 4.627 Thread 0x000001c470350470 2817       3       org.objectweb.asm.Frame::setLocal (65 bytes)
Event: 4.627 Thread 0x000001c470350470 nmethod 2817 0x000001c459936890 code [0x000001c459936a60, 0x000001c459936f88]
Event: 4.627 Thread 0x000001c470350470 2818       3       org.objectweb.asm.Type::getArgumentTypes (94 bytes)
Event: 4.628 Thread 0x000001c470350470 nmethod 2818 0x000001c459937190 code [0x000001c4599374e0, 0x000001c459938b38]
Event: 4.629 Thread 0x000001c470350470 2820       3       org.objectweb.asm.Frame::putAbstractType (407 bytes)
Event: 4.630 Thread 0x000001c470350470 nmethod 2820 0x000001c459939410 code [0x000001c4599398a0, 0x000001c45993b328]
Event: 4.630 Thread 0x000001c470350470 2821       1       java.lang.invoke.DirectMethodHandle$Special::isInvokeSpecial (2 bytes)
Event: 4.630 Thread 0x000001c470350470 nmethod 2821 0x000001c460fb6790 code [0x000001c460fb6920, 0x000001c460fb69f8]
Event: 4.630 Thread 0x000001c470350470 2822       3       org.gradle.model.internal.asm.MethodVisitorScope::_IRETURN_OF (12 bytes)
Event: 4.631 Thread 0x000001c470350470 nmethod 2822 0x000001c45993bf90 code [0x000001c45993c140, 0x000001c45993c3f8]
Event: 4.631 Thread 0x000001c470350470 2823       3       java.lang.invoke.MethodHandles$Lookup::getDirectConstructorCommon (69 bytes)
Event: 4.632 Thread 0x000001c470350470 nmethod 2823 0x000001c45993c510 code [0x000001c45993c780, 0x000001c45993d298]
Event: 4.632 Thread 0x000001c470350470 2824       3       java.lang.invoke.MemberName::asConstructor (58 bytes)
Event: 4.632 Thread 0x000001c470350470 nmethod 2824 0x000001c45993d690 code [0x000001c45993d8a0, 0x000001c45993de88]
Event: 4.641 Thread 0x000001c470350470 2825       3       java.lang.StringLatin1::indexOf (25 bytes)
Event: 4.642 Thread 0x000001c470350470 nmethod 2825 0x000001c45993e110 code [0x000001c45993e2c0, 0x000001c45993e4c8]
Event: 4.644 Thread 0x000001c470350470 2826       3       java.io.WinNTFileSystem::resolve (275 bytes)
Event: 4.646 Thread 0x000001c470350470 nmethod 2826 0x000001c45993e590 code [0x000001c45993eac0, 0x000001c459941778]

GC Heap History (12 events):
Event: 1.072 GC heap before
{Heap before GC invocations=0 (full 0):
 garbage-first heap   total 258048K, used 26624K [0x0000000080000000, 0x0000000100000000)
  region size 1024K, 23 young (23552K), 0 survivors (0K)
 Metaspace       used 10431K, committed 10560K, reserved 1114112K
  class space    used 1077K, committed 1152K, reserved 1048576K
}
Event: 1.077 GC heap after
{Heap after GC invocations=1 (full 0):
 garbage-first heap   total 258048K, used 10240K [0x0000000080000000, 0x0000000100000000)
  region size 1024K, 3 young (3072K), 3 survivors (3072K)
 Metaspace       used 10431K, committed 10560K, reserved 1114112K
  class space    used 1077K, committed 1152K, reserved 1048576K
}
Event: 1.426 GC heap before
{Heap before GC invocations=1 (full 0):
 garbage-first heap   total 258048K, used 38912K [0x0000000080000000, 0x0000000100000000)
  region size 1024K, 31 young (31744K), 3 survivors (3072K)
 Metaspace       used 11440K, committed 11648K, reserved 1114112K
  class space    used 1196K, committed 1280K, reserved 1048576K
}
Event: 1.429 GC heap after
{Heap after GC invocations=2 (full 0):
 garbage-first heap   total 258048K, used 11286K [0x0000000080000000, 0x0000000100000000)
  region size 1024K, 1 young (1024K), 1 survivors (1024K)
 Metaspace       used 11440K, committed 11648K, reserved 1114112K
  class space    used 1196K, committed 1280K, reserved 1048576K
}
Event: 2.720 GC heap before
{Heap before GC invocations=2 (full 0):
 garbage-first heap   total 258048K, used 62486K [0x0000000080000000, 0x0000000100000000)
  region size 1024K, 51 young (52224K), 1 survivors (1024K)
 Metaspace       used 21318K, committed 21504K, reserved 1114112K
  class space    used 2527K, committed 2624K, reserved 1048576K
}
Event: 2.728 GC heap after
{Heap after GC invocations=3 (full 0):
 garbage-first heap   total 258048K, used 18499K [0x0000000080000000, 0x0000000100000000)
  region size 1024K, 9 young (9216K), 9 survivors (9216K)
 Metaspace       used 21318K, committed 21504K, reserved 1114112K
  class space    used 2527K, committed 2624K, reserved 1048576K
}
Event: 3.545 GC heap before
{Heap before GC invocations=4 (full 0):
 garbage-first heap   total 71680K, used 52291K [0x0000000080000000, 0x0000000100000000)
  region size 1024K, 42 young (43008K), 9 survivors (9216K)
 Metaspace       used 26145K, committed 26432K, reserved 1114112K
  class space    used 3368K, committed 3520K, reserved 1048576K
}
Event: 3.553 GC heap after
{Heap after GC invocations=5 (full 0):
 garbage-first heap   total 71680K, used 20567K [0x0000000080000000, 0x0000000100000000)
  region size 1024K, 2 young (2048K), 2 survivors (2048K)
 Metaspace       used 26145K, committed 26432K, reserved 1114112K
  class space    used 3368K, committed 3520K, reserved 1048576K
}
Event: 3.579 GC heap before
{Heap before GC invocations=5 (full 0):
 garbage-first heap   total 71680K, used 21591K [0x0000000080000000, 0x0000000100000000)
  region size 1024K, 3 young (3072K), 2 survivors (2048K)
 Metaspace       used 26352K, committed 26624K, reserved 1114112K
  class space    used 3398K, committed 3520K, reserved 1048576K
}
Event: 3.580 GC heap after
{Heap after GC invocations=6 (full 0):
 garbage-first heap   total 71680K, used 20920K [0x0000000080000000, 0x0000000100000000)
  region size 1024K, 1 young (1024K), 1 survivors (1024K)
 Metaspace       used 26352K, committed 26624K, reserved 1114112K
  class space    used 3398K, committed 3520K, reserved 1048576K
}
Event: 4.307 GC heap before
{Heap before GC invocations=6 (full 0):
 garbage-first heap   total 71680K, used 50616K [0x0000000080000000, 0x0000000100000000)
  region size 1024K, 30 young (30720K), 1 survivors (1024K)
 Metaspace       used 30298K, committed 30656K, reserved 1114112K
  class space    used 4064K, committed 4224K, reserved 1048576K
}
Event: 4.309 GC heap after
{Heap after GC invocations=7 (full 0):
 garbage-first heap   total 71680K, used 22299K [0x0000000080000000, 0x0000000100000000)
  region size 1024K, 2 young (2048K), 2 survivors (2048K)
 Metaspace       used 30298K, committed 30656K, reserved 1114112K
  class space    used 4064K, committed 4224K, reserved 1048576K
}

Dll operation events (3 events):
Event: 0.008 Loaded shared library C:\Program Files\Android\Android Studio\jbr\bin\java.dll
Event: 0.112 Loaded shared library C:\Program Files\Android\Android Studio\jbr\bin\zip.dll
Event: 0.480 Loaded shared library C:\Program Files\Android\Android Studio\jbr\bin\verify.dll

Deoptimization events (20 events):
Event: 4.001 Thread 0x000001c47664c300 DEOPT PACKING pc=0x000001c460ee9fe4 sp=0x000000c174af8300
Event: 4.001 Thread 0x000001c47664c300 DEOPT UNPACKING pc=0x000001c4608f69a3 sp=0x000000c174af8260 mode 2
Event: 4.180 Thread 0x000001c47664c300 DEOPT PACKING pc=0x000001c45987c4f0 sp=0x000000c174af7320
Event: 4.180 Thread 0x000001c47664c300 DEOPT UNPACKING pc=0x000001c4608f7143 sp=0x000000c174af6770 mode 0
Event: 4.283 Thread 0x000001c47664c300 Uncommon trap: trap_request=0xffffff76 fr.pc=0x000001c460f933f4 relative=0x0000000000000154
Event: 4.283 Thread 0x000001c47664c300 Uncommon trap: reason=predicate action=maybe_recompile pc=0x000001c460f933f4 method=com.google.common.base.CharMatcher.indexIn(Ljava/lang/CharSequence;I)I @ 19 c2
Event: 4.283 Thread 0x000001c47664c300 DEOPT PACKING pc=0x000001c460f933f4 sp=0x000000c174afa2f0
Event: 4.283 Thread 0x000001c47664c300 DEOPT UNPACKING pc=0x000001c4608f69a3 sp=0x000000c174afa280 mode 2
Event: 4.340 Thread 0x000001c47664c300 DEOPT PACKING pc=0x000001c45987c4f0 sp=0x000000c174afbf40
Event: 4.340 Thread 0x000001c47664c300 DEOPT UNPACKING pc=0x000001c4608f7143 sp=0x000000c174afb390 mode 0
Event: 4.354 Thread 0x000001c47664c300 Uncommon trap: trap_request=0xffffff45 fr.pc=0x000001c460eeb2d0 relative=0x00000000000005b0
Event: 4.354 Thread 0x000001c47664c300 Uncommon trap: reason=unstable_if action=reinterpret pc=0x000001c460eeb2d0 method=java.util.Properties$LineReader.readLine()I @ 95 c2
Event: 4.354 Thread 0x000001c47664c300 DEOPT PACKING pc=0x000001c460eeb2d0 sp=0x000000c174afb170
Event: 4.354 Thread 0x000001c47664c300 DEOPT UNPACKING pc=0x000001c4608f69a3 sp=0x000000c174afb120 mode 2
Event: 4.420 Thread 0x000001c47664c300 DEOPT PACKING pc=0x000001c459718af1 sp=0x000000c174afa470
Event: 4.420 Thread 0x000001c47664c300 DEOPT UNPACKING pc=0x000001c4608f7143 sp=0x000000c174af9980 mode 0
Event: 4.563 Thread 0x000001c47664c300 Uncommon trap: trap_request=0xffffff45 fr.pc=0x000001c460e8a9f0 relative=0x00000000000005b0
Event: 4.563 Thread 0x000001c47664c300 Uncommon trap: reason=unstable_if action=reinterpret pc=0x000001c460e8a9f0 method=java.util.HashMap.hash(Ljava/lang/Object;)I @ 1 c2
Event: 4.563 Thread 0x000001c47664c300 DEOPT PACKING pc=0x000001c460e8a9f0 sp=0x000000c174af65d0
Event: 4.563 Thread 0x000001c47664c300 DEOPT UNPACKING pc=0x000001c4608f69a3 sp=0x000000c174af6478 mode 2

Classes unloaded (0 events):
No events

Classes redefined (0 events):
No events

Internal exceptions (20 events):
Event: 3.198 Thread 0x000001c47664c300 Exception <a 'java/lang/NoSuchMethodError'{0x0000000082aab140}: 'java.lang.Object java.lang.invoke.Invokers$Holder.invokeExact_MT(java.lang.Object, java.lang.Object, java.lang.Object, java.lang.Object, java.lang.Object, java.lang.Object)'> (0x0000000082aab140) 
thrown [s\src\hotspot\share\interpreter\linkResolver.cpp, line 771]
Event: 3.277 Thread 0x000001c47664c300 Exception <a 'java/lang/IncompatibleClassChangeError'{0x00000000827946d0}: Found class java.lang.Object, but interface was expected> (0x00000000827946d0) 
thrown [s\src\hotspot\share\interpreter\linkResolver.cpp, line 838]
Event: 3.820 Thread 0x000001c47664c300 Exception <a 'java/lang/NoSuchMethodError'{0x0000000083be96f8}: 'java.lang.Object java.lang.invoke.DirectMethodHandle$Holder.invokeVirtual(java.lang.Object, java.lang.Object, java.lang.Object, java.lang.Object)'> (0x0000000083be96f8) 
thrown [s\src\hotspot\share\interpreter\linkResolver.cpp, line 771]
Event: 3.861 Thread 0x000001c47664c300 Exception <a 'java/lang/NoSuchMethodError'{0x0000000083936ce0}: 'java.lang.Object java.lang.invoke.DirectMethodHandle$Holder.newInvokeSpecial(java.lang.Object, java.lang.Object, java.lang.Object, java.lang.Object, java.lang.Object, java.lang.Object, java.lang.Object)'> (0x0000000083936ce0) 
thrown [s\src\hotspot\share\interpreter\linkResolver.cpp, line 771]
Event: 3.861 Thread 0x000001c47664c300 Exception <a 'java/lang/NoSuchMethodError'{0x000000008393b9b0}: 'java.lang.Object java.lang.invoke.Invokers$Holder.linkToTargetMethod(java.lang.Object, java.lang.Object, java.lang.Object, java.lang.Object, java.lang.Object, java.lang.Object, java.lang.Object)'> (0x000000008393b9b0) 
thrown [s\src\hotspot\share\interpreter\linkResolver.cpp, line 771]
Event: 4.110 Thread 0x000001c47664c300 Exception <a 'java/lang/NoSuchMethodError'{0x0000000082f49a00}: 'java.lang.Object java.lang.invoke.DirectMethodHandle$Holder.invokeStaticInit(java.lang.Object, java.lang.Object, java.lang.Object, java.lang.Object)'> (0x0000000082f49a00) 
thrown [s\src\hotspot\share\interpreter\linkResolver.cpp, line 771]
Event: 4.130 Thread 0x000001c47664c300 Exception <a 'java/lang/NoSuchMethodError'{0x0000000082e38840}: 'java.lang.Object java.lang.invoke.DirectMethodHandle$Holder.newInvokeSpecial(java.lang.Object, java.lang.Object, java.lang.Object, java.lang.Object, java.lang.Object, java.lang.Object, java.lang.Object, java.lang.Object)'> (0x0000000082e38840) 
thrown [s\src\hotspot\share\interpreter\linkResolver.cpp, line 771]
Event: 4.131 Thread 0x000001c47664c300 Exception <a 'java/lang/NoSuchMethodError'{0x0000000082e3e248}: 'java.lang.Object java.lang.invoke.DirectMethodHandle$Holder.invokeSpecial(java.lang.Object, java.lang.Object, java.lang.Object, java.lang.Object, java.lang.Object, java.lang.Object, java.lang.Object, java.lang.Object, java.lang.Object)'> (0x0000000082e3e248) 
thrown [s\src\hotspot\share\interpreter\linkResolver.cpp, line 771]
Event: 4.131 Thread 0x000001c47664c300 Exception <a 'java/lang/NoSuchMethodError'{0x0000000082e435f8}: 'java.lang.Object java.lang.invoke.Invokers$Holder.linkToTargetMethod(java.lang.Object, java.lang.Object, java.lang.Object, java.lang.Object, java.lang.Object, java.lang.Object, java.lang.Object, java.lang.Object)'> (0x0000000082e435f8) 
thrown [s\src\hotspot\share\interpreter\linkResolver.cpp, line 771]
Event: 4.140 Thread 0x000001c47664c300 Exception <a 'java/lang/NoSuchMethodError'{0x0000000082e8cc48}: 'void java.lang.invoke.DirectMethodHandle$Holder.invokeStatic(java.lang.Object, java.lang.Object, java.lang.Object, java.lang.Object)'> (0x0000000082e8cc48) 
thrown [s\src\hotspot\share\interpreter\linkResolver.cpp, line 771]
Event: 4.326 Thread 0x000001c47664c300 Exception <a 'java/lang/NoSuchMethodError'{0x000000008fbd7b30}: 'int java.lang.invoke.DirectMethodHandle$Holder.invokeVirtual(java.lang.Object, java.lang.Object)'> (0x000000008fbd7b30) 
thrown [s\src\hotspot\share\interpreter\linkResolver.cpp, line 771]
Event: 4.328 Thread 0x000001c47664c300 Exception <a 'java/lang/NoSuchMethodError'{0x000000008fbea280}: 'java.lang.Object java.lang.invoke.DirectMethodHandle$Holder.invokeStaticInit(java.lang.Object, java.lang.Object, java.lang.Object)'> (0x000000008fbea280) 
thrown [s\src\hotspot\share\interpreter\linkResolver.cpp, line 771]
Event: 4.489 Thread 0x000001c47664c300 Exception <a 'java/lang/NoSuchMethodError'{0x000000008c0d4660}: 'java.lang.Object java.lang.invoke.DirectMethodHandle$Holder.invokeSpecialIFC(java.lang.Object, java.lang.Object, java.lang.Object, java.lang.Object)'> (0x000000008c0d4660) 
thrown [s\src\hotspot\share\interpreter\linkResolver.cpp, line 771]
Event: 4.493 Thread 0x000001c47664c300 Exception <a 'java/lang/NoSuchMethodError'{0x0000000083b607a8}: 'java.lang.Object java.lang.invoke.DirectMethodHandle$Holder.newInvokeSpecial(java.lang.Object, java.lang.Object, java.lang.Object, java.lang.Object, java.lang.Object, java.lang.Object, java.lang.Object, java.lang.Object, java.lang.Object, java.lang.Object)'> (0x0000000083b607a8) 
thrown [s\src\hotspot\share\interpreter\linkResolver.cpp, line 771]
Event: 4.494 Thread 0x000001c47664c300 Exception <a 'java/lang/NoSuchMethodError'{0x0000000083b65690}: 'java.lang.Object java.lang.invoke.Invokers$Holder.linkToTargetMethod(java.lang.Object, java.lang.Object, java.lang.Object, java.lang.Object, java.lang.Object, java.lang.Object, java.lang.Object, java.lang.Object, java.lang.Object, java.lang.Object)'> (0x0000000083b65690) 
thrown [s\src\hotspot\share\interpreter\linkResolver.cpp, line 771]
Event: 4.499 Thread 0x000001c47664c300 Exception <a 'java/lang/NoSuchMethodError'{0x0000000083bdc4b0}: 'java.lang.Object java.lang.invoke.DirectMethodHandle$Holder.newInvokeSpecial(java.lang.Object, java.lang.Object, java.lang.Object, java.lang.Object, java.lang.Object, java.lang.Object, java.lang.Object, java.lang.Object, java.lang.Object, java.lang.Object, java.lang.Object)'> (0x0000000083bdc4b0) 
thrown [s\src\hotspot\share\interpreter\linkResolver.cpp, line 771]
Event: 4.499 Thread 0x000001c47664c300 Exception <a 'java/lang/NoSuchMethodError'{0x0000000083be1fe8}: 'java.lang.Object java.lang.invoke.DirectMethodHandle$Holder.invokeSpecial(java.lang.Object, java.lang.Object, java.lang.Object, java.lang.Object, java.lang.Object, java.lang.Object, java.lang.Object, java.lang.Object, java.lang.Object, java.lang.Object, java.lang.Object, java.lang.Object)'> (0x0000000083be1fe8) 
thrown [s\src\hotspot\share\interpreter\linkResolver.cpp, line 771]
Event: 4.499 Thread 0x000001c47664c300 Exception <a 'java/lang/NoSuchMethodError'{0x0000000083be7680}: 'java.lang.Object java.lang.invoke.Invokers$Holder.linkToTargetMethod(java.lang.Object, java.lang.Object, java.lang.Object, java.lang.Object, java.lang.Object, java.lang.Object, java.lang.Object, java.lang.Object, java.lang.Object, java.lang.Object, java.lang.Object)'> (0x0000000083be7680) 
thrown [s\src\hotspot\share\interpreter\linkResolver.cpp, line 771]
Event: 4.563 Thread 0x000001c47664c300 Implicit null exception at 0x000001c460e8a48f to 0x000001c460e8a9d0
Event: 4.602 Thread 0x000001c47664c300 Exception <a 'java/lang/NoSuchMethodError'{0x0000000083233438}: 'java.lang.Object java.lang.invoke.DirectMethodHandle$Holder.newInvokeSpecial(java.lang.Object, java.lang.Object, int, int)'> (0x0000000083233438) 
thrown [s\src\hotspot\share\interpreter\linkResolver.cpp, line 771]

VM Operations (20 events):
Event: 2.732 Executing VM operation: G1PauseRemark
Event: 2.734 Executing VM operation: G1PauseRemark done
Event: 2.736 Executing VM operation: G1PauseCleanup
Event: 2.736 Executing VM operation: G1PauseCleanup done
Event: 2.777 Executing VM operation: HandshakeAllThreads
Event: 2.777 Executing VM operation: HandshakeAllThreads done
Event: 3.259 Executing VM operation: HandshakeAllThreads
Event: 3.259 Executing VM operation: HandshakeAllThreads done
Event: 3.259 Executing VM operation: HandshakeAllThreads
Event: 3.259 Executing VM operation: HandshakeAllThreads done
Event: 3.545 Executing VM operation: G1CollectForAllocation
Event: 3.553 Executing VM operation: G1CollectForAllocation done
Event: 3.579 Executing VM operation: G1CollectForAllocation
Event: 3.581 Executing VM operation: G1CollectForAllocation done
Event: 4.307 Executing VM operation: G1CollectForAllocation
Event: 4.309 Executing VM operation: G1CollectForAllocation done
Event: 4.358 Executing VM operation: HandshakeAllThreads
Event: 4.358 Executing VM operation: HandshakeAllThreads done
Event: 4.564 Executing VM operation: HandshakeAllThreads
Event: 4.564 Executing VM operation: HandshakeAllThreads done

Events (20 events):
Event: 4.522 Thread 0x000001c47767a6c0 Thread added: 0x000001c47767a6c0
Event: 4.557 loading class java/lang/invoke/SerializedLambda
Event: 4.557 loading class java/lang/invoke/SerializedLambda done
Event: 4.561 loading class java/lang/reflect/AnnotatedType
Event: 4.561 loading class java/lang/reflect/AnnotatedType done
Event: 4.562 loading class sun/reflect/misc/ReflectUtil
Event: 4.563 loading class sun/reflect/misc/ReflectUtil done
Event: 4.565 loading class java/lang/Class$EnclosingMethodInfo
Event: 4.565 loading class java/lang/Class$EnclosingMethodInfo done
Event: 4.566 loading class sun/reflect/generics/tree/IntSignature
Event: 4.566 loading class sun/reflect/generics/tree/IntSignature done
Event: 4.566 loading class sun/reflect/generics/tree/ArrayTypeSignature
Event: 4.566 loading class sun/reflect/generics/tree/ArrayTypeSignature done
Event: 4.570 loading class java/lang/SafeVarargs
Event: 4.570 loading class java/lang/SafeVarargs done
Event: 4.576 loading class java/util/regex/Pattern$GroupCurly
Event: 4.576 loading class java/util/regex/Pattern$GroupCurly done
Event: 4.606 loading class jdk/internal/reflect/UnsafeStaticIntegerFieldAccessorImpl
Event: 4.606 loading class jdk/internal/reflect/UnsafeStaticIntegerFieldAccessorImpl done
Event: 4.646 Thread 0x000001c47767cf40 Thread added: 0x000001c47767cf40


Dynamic libraries:
0x00007ff7249d0000 - 0x00007ff7249da000 	C:\Program Files\Android\Android Studio\jbr\bin\java.exe
0x00007ffeb6570000 - 0x00007ffeb6787000 	C:\Windows\SYSTEM32\ntdll.dll
0x00007ffeb5b00000 - 0x00007ffeb5bc4000 	C:\Windows\System32\KERNEL32.DLL
0x00007ffeb3870000 - 0x00007ffeb3c29000 	C:\Windows\System32\KERNELBASE.dll
0x00007ffeb4000000 - 0x00007ffeb4111000 	C:\Windows\System32\ucrtbase.dll
0x00007ffe94860000 - 0x00007ffe94877000 	C:\Program Files\Android\Android Studio\jbr\bin\jli.dll
0x00007ffeb6320000 - 0x00007ffeb64ce000 	C:\Windows\System32\USER32.dll
0x00007ffe91230000 - 0x00007ffe9124b000 	C:\Program Files\Android\Android Studio\jbr\bin\VCRUNTIME140.dll
0x00007ffeb3c30000 - 0x00007ffeb3c56000 	C:\Windows\System32\win32u.dll
0x00007ffe91850000 - 0x00007ffe91ae2000 	C:\Windows\WinSxS\amd64_microsoft.windows.common-controls_6595b64144ccf1df_6.0.22621.4391_none_2715d37f73803e96\COMCTL32.dll
0x00007ffeb4590000 - 0x00007ffeb45b9000 	C:\Windows\System32\GDI32.dll
0x00007ffeb3ee0000 - 0x00007ffeb3ffb000 	C:\Windows\System32\gdi32full.dll
0x00007ffeb5fe0000 - 0x00007ffeb6087000 	C:\Windows\System32\msvcrt.dll
0x00007ffeb3e40000 - 0x00007ffeb3eda000 	C:\Windows\System32\msvcp_win.dll
0x00007ffeb5bd0000 - 0x00007ffeb5c01000 	C:\Windows\System32\IMM32.DLL
0x00007ffe91cb0000 - 0x00007ffe91cbc000 	C:\Program Files\Android\Android Studio\jbr\bin\vcruntime140_1.dll
0x00007ffe68fc0000 - 0x00007ffe6904d000 	C:\Program Files\Android\Android Studio\jbr\bin\msvcp140.dll
0x00007ffdea410000 - 0x00007ffdeb093000 	C:\Program Files\Android\Android Studio\jbr\bin\server\jvm.dll
0x00007ffeb4320000 - 0x00007ffeb43d2000 	C:\Windows\System32\ADVAPI32.dll
0x00007ffeb45c0000 - 0x00007ffeb4667000 	C:\Windows\System32\sechost.dll
0x00007ffeb3ce0000 - 0x00007ffeb3d08000 	C:\Windows\System32\bcrypt.dll
0x00007ffeb6090000 - 0x00007ffeb61a4000 	C:\Windows\System32\RPCRT4.dll
0x00007ffeb3690000 - 0x00007ffeb36dd000 	C:\Windows\SYSTEM32\POWRPROF.dll
0x00007ffeab840000 - 0x00007ffeab874000 	C:\Windows\SYSTEM32\WINMM.dll
0x00007ffe947e0000 - 0x00007ffe947e9000 	C:\Windows\SYSTEM32\WSOCK32.dll
0x00007ffeb2430000 - 0x00007ffeb243a000 	C:\Windows\SYSTEM32\VERSION.dll
0x00007ffeb5d50000 - 0x00007ffeb5dc1000 	C:\Windows\System32\WS2_32.dll
0x00007ffeb3570000 - 0x00007ffeb3583000 	C:\Windows\SYSTEM32\UMPDC.dll
0x00007ffeb2870000 - 0x00007ffeb2888000 	C:\Windows\SYSTEM32\kernel.appcore.dll
0x00007ffeae6e0000 - 0x00007ffeae6ea000 	C:\Program Files\Android\Android Studio\jbr\bin\jimage.dll
0x00007ffeb0df0000 - 0x00007ffeb1022000 	C:\Windows\SYSTEM32\DBGHELP.DLL
0x00007ffeb4750000 - 0x00007ffeb4adf000 	C:\Windows\System32\combase.dll
0x00007ffeb4670000 - 0x00007ffeb4747000 	C:\Windows\System32\OLEAUT32.dll
0x00007ffea8f80000 - 0x00007ffea8fb2000 	C:\Windows\SYSTEM32\dbgcore.DLL
0x00007ffeb3c60000 - 0x00007ffeb3cdb000 	C:\Windows\System32\bcryptPrimitives.dll
0x00007ffe94920000 - 0x00007ffe9492e000 	C:\Program Files\Android\Android Studio\jbr\bin\instrument.dll
0x00007ffe94950000 - 0x00007ffe94975000 	C:\Program Files\Android\Android Studio\jbr\bin\java.dll
0x00007ffea34e0000 - 0x00007ffea34f8000 	C:\Program Files\Android\Android Studio\jbr\bin\zip.dll
0x00007ffeb4be0000 - 0x00007ffeb5456000 	C:\Windows\System32\SHELL32.dll
0x00007ffeb14b0000 - 0x00007ffeb1db3000 	C:\Windows\SYSTEM32\windows.storage.dll
0x00007ffeb1370000 - 0x00007ffeb14af000 	C:\Windows\SYSTEM32\wintypes.dll
0x00007ffeb43e0000 - 0x00007ffeb44d9000 	C:\Windows\System32\SHCORE.dll
0x00007ffeb5c10000 - 0x00007ffeb5c6e000 	C:\Windows\System32\shlwapi.dll
0x00007ffeb37a0000 - 0x00007ffeb37cb000 	C:\Windows\SYSTEM32\profapi.dll
0x00007ffe97590000 - 0x00007ffe975a9000 	C:\Program Files\Android\Android Studio\jbr\bin\net.dll
0x00007ffeaec00000 - 0x00007ffeaed36000 	C:\Windows\SYSTEM32\WINHTTP.dll
0x00007ffeb2cf0000 - 0x00007ffeb2d59000 	C:\Windows\system32\mswsock.dll
0x00007ffe94930000 - 0x00007ffe94946000 	C:\Program Files\Android\Android Studio\jbr\bin\nio.dll
0x00007ffe94990000 - 0x00007ffe949a0000 	C:\Program Files\Android\Android Studio\jbr\bin\verify.dll
0x00007ffe97810000 - 0x00007ffe97837000 	C:\Users\vekos\.gradle\native\c067742578af261105cb4f569cf0c3c89f3d7b1fecec35dd04571415982c5e48\windows-amd64\native-platform.dll
0x00007ffe57f00000 - 0x00007ffe58044000 	C:\Users\vekos\.gradle\native\38dada09dfb8b06ba9b0570ebf7e218e3eb74d4ef43ca46872605cf95ebc2f47\windows-amd64\native-platform-file-events.dll
0x00007ffea98e0000 - 0x00007ffea98e9000 	C:\Program Files\Android\Android Studio\jbr\bin\management.dll
0x00007ffe9eef0000 - 0x00007ffe9eefb000 	C:\Program Files\Android\Android Studio\jbr\bin\management_ext.dll
0x00007ffeb64e0000 - 0x00007ffeb64e8000 	C:\Windows\System32\PSAPI.DLL
0x00007ffeb2f10000 - 0x00007ffeb2f2b000 	C:\Windows\SYSTEM32\CRYPTSP.dll
0x00007ffeb27d0000 - 0x00007ffeb2805000 	C:\Windows\system32\rsaenh.dll
0x00007ffeb2db0000 - 0x00007ffeb2dd8000 	C:\Windows\SYSTEM32\USERENV.dll
0x00007ffeb2f30000 - 0x00007ffeb2f3c000 	C:\Windows\SYSTEM32\CRYPTBASE.dll
0x00007ffeb2010000 - 0x00007ffeb203d000 	C:\Windows\SYSTEM32\IPHLPAPI.DLL
0x00007ffeb58e0000 - 0x00007ffeb58e9000 	C:\Windows\System32\NSI.dll
0x00007ffeaba70000 - 0x00007ffeaba89000 	C:\Windows\SYSTEM32\dhcpcsvc6.DLL
0x00007ffeabf40000 - 0x00007ffeabf5f000 	C:\Windows\SYSTEM32\dhcpcsvc.DLL
0x00007ffeb2080000 - 0x00007ffeb2182000 	C:\Windows\SYSTEM32\DNSAPI.dll
0x00007ffeae5a0000 - 0x00007ffeae5a9000 	C:\Program Files\Android\Android Studio\jbr\bin\extnet.dll
0x00007ffe93500000 - 0x00007ffe93508000 	C:\Windows\system32\wshunix.dll

dbghelp: loaded successfully - version: 4.0.5 - missing functions: none
symbol engine: initialized successfully - sym options: 0x614 - pdb path: .;C:\Program Files\Android\Android Studio\jbr\bin;C:\Windows\SYSTEM32;C:\Windows\WinSxS\amd64_microsoft.windows.common-controls_6595b64144ccf1df_6.0.22621.4391_none_2715d37f73803e96;C:\Program Files\Android\Android Studio\jbr\bin\server;C:\Users\vekos\.gradle\native\c067742578af261105cb4f569cf0c3c89f3d7b1fecec35dd04571415982c5e48\windows-amd64;C:\Users\vekos\.gradle\native\38dada09dfb8b06ba9b0570ebf7e218e3eb74d4ef43ca46872605cf95ebc2f47\windows-amd64

VM Arguments:
jvm_args: --add-opens=java.base/java.util=ALL-UNNAMED --add-opens=java.base/java.lang=ALL-UNNAMED --add-opens=java.base/java.lang.invoke=ALL-UNNAMED --add-opens=java.prefs/java.util.prefs=ALL-UNNAMED --add-opens=java.base/java.nio.charset=ALL-UNNAMED --add-opens=java.base/java.net=ALL-UNNAMED --add-opens=java.base/java.util.concurrent.atomic=ALL-UNNAMED -Xmx2048m -Dfile.encoding=UTF-8 -Duser.country=CA -Duser.language=fr -Duser.variant -javaagent:C:\Users\vekos\.gradle\wrapper\dists\gradle-8.7-bin\bhs2wmbdwecv87pi65oeuq5iu\gradle-8.7\lib\agents\gradle-instrumentation-agent-8.7.jar 
java_command: org.gradle.launcher.daemon.bootstrap.GradleDaemon 8.7
java_class_path (initial): C:\Users\vekos\.gradle\wrapper\dists\gradle-8.7-bin\bhs2wmbdwecv87pi65oeuq5iu\gradle-8.7\lib\gradle-launcher-8.7.jar
Launcher Type: SUN_STANDARD

[Global flags]
     intx CICompilerCount                          = 4                                         {product} {ergonomic}
     uint ConcGCThreads                            = 3                                         {product} {ergonomic}
     uint G1ConcRefinementThreads                  = 10                                        {product} {ergonomic}
   size_t G1HeapRegionSize                         = 1048576                                   {product} {ergonomic}
    uintx GCDrainStackTargetSize                   = 64                                        {product} {ergonomic}
   size_t InitialHeapSize                          = 264241152                                 {product} {ergonomic}
   size_t MarkStackSize                            = 4194304                                   {product} {ergonomic}
   size_t MaxHeapSize                              = 2147483648                                {product} {command line}
   size_t MaxNewSize                               = 1287651328                                {product} {ergonomic}
   size_t MinHeapDeltaBytes                        = 1048576                                   {product} {ergonomic}
   size_t MinHeapSize                              = 8388608                                   {product} {ergonomic}
    uintx NonNMethodCodeHeapSize                   = 5839372                                {pd product} {ergonomic}
    uintx NonProfiledCodeHeapSize                  = 122909434                              {pd product} {ergonomic}
    uintx ProfiledCodeHeapSize                     = 122909434                              {pd product} {ergonomic}
    uintx ReservedCodeCacheSize                    = 251658240                              {pd product} {ergonomic}
     bool SegmentedCodeCache                       = true                                      {product} {ergonomic}
   size_t SoftMaxHeapSize                          = 2147483648                             {manageable} {ergonomic}
     bool UseCompressedClassPointers               = true                           {product lp64_product} {ergonomic}
     bool UseCompressedOops                        = true                           {product lp64_product} {ergonomic}
     bool UseG1GC                                  = true                                      {product} {ergonomic}
     bool UseLargePagesIndividualAllocation        = false                                  {pd product} {ergonomic}

Logging:
Log output configuration:
 #0: stdout all=warning uptime,level,tags
 #1: stderr all=off uptime,level,tags

Environment Variables:
PATH=C:\Program Files\Common Files\Oracle\Java\javapath;C:\Program Files (x86)\Common Files\Oracle\Java\java8path;C:\Program Files (x86)\Common Files\Oracle\Java\javapath;C:\Windows\system32;C:\Windows;C:\Windows\System32\Wbem;C:\Windows\System32\WindowsPowerShell\v1.0\;C:\Windows\System32\OpenSSH\;C:\Program Files\dotnet\;C:\Program Files\Git\cmd;C:\Program Files\Git\mingw64\bin;C:\Program Files\Git\usr\bin;C:\Program Files\PowerShell\7\;C:\Users\vekos\AppData\Local\Microsoft\WindowsApps;;C:\Users\vekos\AppData\Local\Programs\Microsoft VS Code\bin
USERNAME=vekos
OS=Windows_NT
PROCESSOR_IDENTIFIER=Intel64 Family 6 Model 154 Stepping 4, GenuineIntel
TMP=C:\Users\vekos\AppData\Local\Temp
TEMP=C:\Users\vekos\AppData\Local\Temp



Periodic native trim disabled

JNI global refs:
JNI global refs: 25, weak refs: 3

JNI global refs memory usage: 843, weak refs: 841

Process memory usage:
Resident Set Size: 192232K (1% of 16454388K total physical memory with 196464K free physical memory)

OOME stack traces (most recent first):
Classloader memory used:
Loader bootstrap                                                                       : 1890K
Loader org.gradle.internal.classloader.VisitableURLClassLoader                         : 1836K
Loader org.gradle.initialization.MixInLegacyTypesClassLoader                           : 423K
Loader jdk.internal.loader.ClassLoaders$AppClassLoader                                 : 28714B
Loader jdk.internal.loader.ClassLoaders$PlatformClassLoader                            : 18431B
Loader jdk.internal.reflect.DelegatingClassLoader                                      : 3463B

Classes loaded by more than one classloader:
Class org.gradle.internal.installation.GradleInstallation                             : loaded 2 times (x 73B)
Class org.gradle.internal.classpath.ClassPath                                         : loaded 2 times (x 68B)
Class org.gradle.api.internal.classpath.DefaultModuleRegistry                         : loaded 2 times (x 84B)
Class org.gradle.api.Action                                                           : loaded 2 times (x 68B)
Class org.gradle.api.internal.DefaultClassPathProvider                                : loaded 2 times (x 74B)
Class org.gradle.internal.installation.GradleInstallation$1                           : loaded 2 times (x 73B)
Class org.gradle.internal.classloader.FilteringClassLoader                            : loaded 2 times (x 103B)
Class org.gradle.internal.classpath.DefaultClassPath$ImmutableUniqueList$Builder      : loaded 2 times (x 73B)
Class org.gradle.internal.classloader.ClassLoaderVisitor                              : loaded 2 times (x 74B)
Class org.gradle.internal.service.DefaultServiceLocator                               : loaded 2 times (x 81B)
Class org.gradle.internal.service.UnknownServiceException                             : loaded 2 times (x 81B)
Class org.gradle.internal.classloader.DefaultClassLoaderFactory                       : loaded 2 times (x 80B)
Class org.gradle.internal.classloader.VisitableURLClassLoader$Spec                    : loaded 2 times (x 72B)
Class org.gradle.api.GradleException                                                  : loaded 2 times (x 80B)
Class org.gradle.api.internal.classpath.ModuleRegistry                                : loaded 2 times (x 68B)
Class org.gradle.api.internal.ClassPathProvider                                       : loaded 2 times (x 68B)
Class org.gradle.internal.classloader.ClasspathUtil$1                                 : loaded 2 times (x 74B)
Class org.gradle.internal.classloader.ClassLoaderFactory                              : loaded 2 times (x 68B)
Class org.gradle.api.internal.classpath.ManifestUtil                                  : loaded 2 times (x 69B)
Class org.gradle.api.specs.Spec                                                       : loaded 2 times (x 68B)
Class org.gradle.internal.IoActions                                                   : loaded 2 times (x 69B)
Class org.gradle.api.internal.classpath.EffectiveClassPath                            : loaded 2 times (x 88B)
Class org.gradle.internal.installation.CurrentGradleInstallation                      : loaded 2 times (x 71B)
Class org.gradle.internal.agents.InstrumentingClassLoader                             : loaded 2 times (x 68B)
Class org.gradle.internal.installation.CurrentGradleInstallationLocator               : loaded 2 times (x 69B)
Class org.gradle.api.internal.classpath.Module                                        : loaded 2 times (x 68B)
Class org.gradle.internal.service.CachingServiceLocator                               : loaded 2 times (x 80B)
Class org.gradle.internal.classpath.DefaultClassPath                                  : loaded 2 times (x 88B)
Class org.gradle.internal.classloader.SystemClassLoaderSpec                           : loaded 2 times (x 69B)
Class org.gradle.api.UncheckedIOException                                             : loaded 2 times (x 80B)
Class org.gradle.internal.classloader.ClasspathUtil                                   : loaded 2 times (x 69B)
Class org.gradle.api.internal.DefaultClassPathRegistry                                : loaded 2 times (x 74B)
Class org.gradle.api.internal.classpath.DefaultModuleRegistry$DefaultModule           : loaded 2 times (x 84B)
Class org.gradle.api.internal.classpath.UnknownModuleException                        : loaded 2 times (x 80B)
Class org.gradle.internal.service.ServiceLookupException                              : loaded 2 times (x 80B)
Class org.gradle.cache.GlobalCache                                                    : loaded 2 times (x 68B)
Class [Lorg.gradle.api.internal.ClassPathProvider;                                    : loaded 2 times (x 67B)
Class org.gradle.util.internal.GUtil                                                  : loaded 2 times (x 69B)
Class org.gradle.internal.classloader.ClassLoaderSpec                                 : loaded 2 times (x 69B)
Class org.gradle.internal.classloader.VisitableURLClassLoader                         : loaded 2 times (x 115B)
Class org.gradle.internal.Cast                                                        : loaded 2 times (x 69B)
Class org.gradle.api.internal.ClassPathRegistry                                       : loaded 2 times (x 68B)
Class org.gradle.internal.classloader.VisitableURLClassLoader$InstrumentingVisitableURLClassLoader: loaded 2 times (x 121B)
Class org.gradle.internal.classloader.ClassLoaderHierarchy                            : loaded 2 times (x 68B)
Class org.gradle.internal.InternalTransformer                                         : loaded 2 times (x 68B)
Class org.gradle.internal.service.ServiceLocator                                      : loaded 2 times (x 68B)
Class org.gradle.internal.classpath.DefaultClassPath$ImmutableUniqueList              : loaded 2 times (x 159B)
Class org.gradle.internal.classpath.TransformedClassPath                              : loaded 2 times (x 94B)


---------------  S Y S T E M  ---------------

OS:
 Windows 11 , 64 bit Build 22621 (10.0.22621.4391)
OS uptime: 0 days 10:09 hours
Hyper-V role detected

CPU: total 12 (initial active 12) (6 cores per cpu, 2 threads per core) family 6 model 154 stepping 4 microcode 0x435, cx8, cmov, fxsr, ht, mmx, 3dnowpref, sse, sse2, sse3, ssse3, sse4.1, sse4.2, popcnt, lzcnt, tsc, tscinvbit, avx, avx2, aes, erms, clmul, bmi1, bmi2, adx, sha, fma, vzeroupper, clflush, clflushopt, clwb, hv
Processor Information for processor 0
  Max Mhz: 1700, Current Mhz: 1700, Mhz Limit: 1700
Processor Information for processor 1
  Max Mhz: 1700, Current Mhz: 1700, Mhz Limit: 1700
Processor Information for processor 2
  Max Mhz: 1700, Current Mhz: 1700, Mhz Limit: 1700
Processor Information for processor 3
  Max Mhz: 1700, Current Mhz: 1700, Mhz Limit: 1700
Processor Information for processor 4
  Max Mhz: 1700, Current Mhz: 1200, Mhz Limit: 1190
Processor Information for processor 5
  Max Mhz: 1700, Current Mhz: 1200, Mhz Limit: 1190
Processor Information for processor 6
  Max Mhz: 1700, Current Mhz: 1200, Mhz Limit: 1190
Processor Information for processor 7
  Max Mhz: 1700, Current Mhz: 1200, Mhz Limit: 1190
Processor Information for processor 8
  Max Mhz: 1700, Current Mhz: 1200, Mhz Limit: 1190
Processor Information for processor 9
  Max Mhz: 1700, Current Mhz: 1200, Mhz Limit: 1190
Processor Information for processor 10
  Max Mhz: 1700, Current Mhz: 1200, Mhz Limit: 1190
Processor Information for processor 11
  Max Mhz: 1700, Current Mhz: 1200, Mhz Limit: 1190

Memory: 4k page, system-wide physical 16068M (191M free)
TotalPageFile size 21068M (AvailPageFile size 7M)
current process WorkingSet (physical memory assigned to process): 187M, peak: 187M
current process commit charge ("private bytes"): 234M, peak: 402M

vm_info: OpenJDK 64-Bit Server VM (17.0.11+0--11852314) for windows-amd64 JRE (17.0.11+0--11852314), built on May 16 2024 21:29:20 by "androidbuild" with MS VC++ 16.10 / 16.11 (VS2019)

END.
